<?xml version="1.0" encoding="utf-8"?><testsuites><testsuite name="pytest" errors="0" failures="0" skipped="0" tests="6" time="7.591" timestamp="2023-06-30T12:36:19.854794" hostname="0644-L"><testcase classname="tests.test_main" name="test_begin_correct_printing" time="0.176" /><testcase classname="tests.test_main" name="test_fetch_eol_success" time="0.250" /><testcase classname="tests.test_main" name="test_fetch_eol_error" time="0.001" /><testcase classname="tests.test_main" name="test_read_tdms" time="0.075" /><testcase classname="tests.test_main" name="test_read_tdms_exception" time="0.001" /><testcase classname="tests.test_main" name="test_form_filename_tdms" time="0.001" /></testsuite></testsuites>
